[debug] [2022-03-03T12:53:28.337Z] ----------------------------------------------------------------------
[debug] [2022-03-03T12:53:28.339Z] Command:       /usr/bin/node /usr/bin/firebase init
[debug] [2022-03-03T12:53:28.339Z] CLI Version:   10.2.2
[debug] [2022-03-03T12:53:28.339Z] Platform:      linux
[debug] [2022-03-03T12:53:28.339Z] Node Version:  v14.19.0
[debug] [2022-03-03T12:53:28.339Z] Time:          Thu Mar 03 2022 18:53:28 GMT+0600 (Bangladesh Standard Time)
[debug] [2022-03-03T12:53:28.340Z] ----------------------------------------------------------------------
[debug] 
[debug] [2022-03-03T12:53:28.401Z] > command requires scopes: ["email","openid","https://www.googleapis.com/auth/cloudplatformprojects.readonly","https://www.googleapis.com/auth/firebase","https://www.googleapis.com/auth/cloud-platform"]
[debug] [2022-03-03T12:53:28.401Z] > authorizing via signed-in user (imminhajj@gmail.com)
[info] 
     ######## #### ########  ######## ########     ###     ######  ########
     ##        ##  ##     ## ##       ##     ##  ##   ##  ##       ##
     ######    ##  ########  ######   ########  #########  ######  ######
     ##        ##  ##    ##  ##       ##     ## ##     ##       ## ##
     ##       #### ##     ## ######## ########  ##     ##  ######  ########

You're about to initialize a Firebase project in this directory:

  /home/minhaj/projects/node-projects/genius-car-mechanics-client

Before we get started, keep in mind:

  * You are initializing within an existing Firebase project directory

[info] 
=== Project Setup
[info] 
[info] First, let's associate this project directory with a Firebase project.
[info] You can create multiple project aliases by running firebase use --add, 
[info] but for now we'll just set up a default project.
[info] 
[debug] [2022-03-03T12:56:01.514Z] Using project from CLI flag: genius-car-mechanics
[debug] [2022-03-03T12:56:01.516Z] >>> [apiv2][query] GET https://firebase.googleapis.com/v1beta1/projects/genius-car-mechanics [none]
[debug] [2022-03-03T12:56:02.393Z] <<< [apiv2][status] GET https://firebase.googleapis.com/v1beta1/projects/genius-car-mechanics 403
[debug] [2022-03-03T12:56:02.393Z] <<< [apiv2][body] GET https://firebase.googleapis.com/v1beta1/projects/genius-car-mechanics {"error":{"code":403,"message":"The caller does not have permission","status":"PERMISSION_DENIED"}}
[debug] [2022-03-03T12:56:02.393Z] HTTP Error: 403, The caller does not have permission
[debug] [2022-03-03T12:56:02.734Z] FirebaseError: HTTP Error: 403, The caller does not have permission
    at module.exports (/usr/lib/node_modules/firebase-tools/lib/responseToError.js:47:12)
    at RetryOperation._fn (/usr/lib/node_modules/firebase-tools/lib/apiv2.js:286:39)
    at processTicksAndRejections (internal/process/task_queues.js:95:5)
[error] 
[error] Error: Failed to get Firebase project genius-car-mechanics. Please make sure the project exists and your account has permission to access it.
